<?xml version="1.0" encoding="UTF-8"?>
<testsuite name="by.gstu.sales.processor.SalesProcessorTest" tests="3" skipped="0" failures="0" errors="0" timestamp="2025-12-03T16:52:42.734Z" hostname="MacBook-Air-Kolos.local" time="0.013">
  <properties/>
  <testcase name="testFilterByProduct()" classname="by.gstu.sales.processor.SalesProcessorTest" time="0.009"/>
  <testcase name="testSumByRegion()" classname="by.gstu.sales.processor.SalesProcessorTest" time="0.002"/>
  <testcase name="testTopSales()" classname="by.gstu.sales.processor.SalesProcessorTest" time="0.001"/>
  <system-out><![CDATA[]]></system-out>
  <system-err><![CDATA[]]></system-err>
</testsuite>
